Arguments: 
  /home/cartrabbit/.nvm/versions/node/v14.18.2/bin/node /usr/local/bin/yarn add lodash

PATH: 
  /home/cartrabbit/.nvm/versions/node/v14.18.2/bin:/home/cartrabbit/.local/share/umake/bin:/usr/local/sbin:/usr/local/bin:/usr/sbin:/usr/bin:/sbin:/bin:/usr/games:/usr/local/games:/snap/bin

Yarn version: 
  1.22.17

Node version: 
  14.18.2

Platform: 
  linux x64

Trace: 
  Error: https://registry.yarnpkg.com/lodash: ETIMEDOUT
      at Timeout._onTimeout (/usr/local/lib/node_modules/yarn/lib/cli.js:141543:19)
      at listOnTimeout (internal/timers.js:557:17)
      at processTimers (internal/timers.js:500:7)

npm manifest: 
  {
    "name": "reduce",
    "version": "1.0.0",
    "main": "index.js",
    "license": "MIT"
  }

yarn manifest: 
  No manifest

Lockfile: 
  No lockfile
